2020-06-28 15:33:29.657 | INFO     | httprunner.runner:test_start:440 - Start to run testcase: request methods testcase with functions, TestCase ID: c2a27a81-3d2c-4032-b280-e98a44d9ad55
2020-06-28 15:33:29.658 | INFO     | httprunner.runner:__run_step:284 - run step begin: get with params >>>>>>
2020-06-28 15:33:31.088 | DEBUG    | httprunner.client:request:186 - client IP: 10.8.17.142, Port: 57053
2020-06-28 15:33:31.089 | DEBUG    | httprunner.client:request:194 - server IP: 18.213.58.30, Port: 443
2020-06-28 15:33:31.090 | DEBUG    | httprunner.client:log_print:40 - 
================== request details ==================
method   : GET
url      : https://postman-echo.com/get?foo1=bar11&foo2=bar21&sum_v=3
headers  : {
    "User-Agent": "HttpRunner/3.1.1",
    "Accept-Encoding": "gzip, deflate",
    "Accept": "*/*",
    "Connection": "keep-alive",
    "HRUN-Request-ID": "HRUN-c2a27a81-3d2c-4032-b280-e98a44d9ad55-609658",
    "Content-Length": "2",
    "Content-Type": "application/json"
}
cookies  : {}
body     : {}

2020-06-28 15:33:31.090 | DEBUG    | httprunner.client:log_print:40 - 
================== response details ==================
status_code : 200
headers  : {
    "Date": "Sun, 28 Jun 2020 07:33:30 GMT",
    "Content-Type": "application/json; charset=utf-8",
    "Content-Length": "476",
    "Connection": "keep-alive",
    "ETag": "W/\"1dc-0tVvtd/jDqY5Wrjm8FMQGfHXjDU\"",
    "Vary": "Accept-Encoding",
    "set-cookie": "sails.sid=s%3AK0DDKqTJQz2OSrydLtek9FKxPuC5p3Na.BXcvGwpccZPa%2FbxcAZJ%2FSZDx0XhD90R%2BmwM1XYjQdnc; Path=/; HttpOnly"
}
cookies  : {
    "sails.sid": "s%3AK0DDKqTJQz2OSrydLtek9FKxPuC5p3Na.BXcvGwpccZPa%2FbxcAZJ%2FSZDx0XhD90R%2BmwM1XYjQdnc"
}
encoding : utf-8
content_type : application/json; charset=utf-8
body     : {
    "args": {
        "foo1": "bar11",
        "foo2": "bar21",
        "sum_v": "3"
    },
    "headers": {
        "x-forwarded-proto": "https",
        "x-forwarded-port": "443",
        "host": "postman-echo.com",
        "x-amzn-trace-id": "Root=1-5ef847ca-7a8c9e8eedc328389becf748",
        "content-length": "2",
        "user-agent": "HttpRunner/3.1.1",
        "accept-encoding": "gzip, deflate",
        "accept": "*/*",
        "hrun-request-id": "HRUN-c2a27a81-3d2c-4032-b280-e98a44d9ad55-609658",
        "content-type": "application/json"
    },
    "url": "https://postman-echo.com/get?foo1=bar11&foo2=bar21&sum_v=3"
}

2020-06-28 15:33:31.091 | INFO     | httprunner.client:request:217 - status_code: 200, response_time(ms): 1429.88 ms, response_length: 0 bytes
2020-06-28 15:33:31.091 | INFO     | httprunner.response:extract:164 - extract mapping: {'foo3': 'bar21'}
2020-06-28 15:33:31.091 | INFO     | httprunner.response:validate:227 - assert status_code equal 200(int)	==> pass
2020-06-28 15:33:31.092 | INFO     | httprunner.response:validate:227 - assert body.args.foo1 equal bar11(str)	==> pass
2020-06-28 15:33:31.092 | INFO     | httprunner.response:validate:227 - assert body.args.sum_v equal 3(str)	==> pass
2020-06-28 15:33:31.092 | INFO     | httprunner.response:validate:227 - assert body.args.foo2 equal bar21(str)	==> pass
2020-06-28 15:33:31.092 | INFO     | httprunner.runner:__run_step:296 - run step end: get with params <<<<<<

2020-06-28 15:33:31.092 | INFO     | httprunner.runner:__run_step:284 - run step begin: post raw text >>>>>>
2020-06-28 15:33:31.385 | DEBUG    | httprunner.client:request:186 - client IP: 10.8.17.142, Port: 57053
2020-06-28 15:33:31.386 | DEBUG    | httprunner.client:request:194 - server IP: 18.213.58.30, Port: 443
2020-06-28 15:33:31.386 | DEBUG    | httprunner.client:log_print:40 - 
================== request details ==================
method   : POST
url      : https://postman-echo.com/post
headers  : {
    "User-Agent": "HttpRunner/3.1.1",
    "Accept-Encoding": "gzip, deflate",
    "Accept": "*/*",
    "Connection": "keep-alive",
    "Content-Type": "text/plain",
    "HRUN-Request-ID": "HRUN-c2a27a81-3d2c-4032-b280-e98a44d9ad55-611093",
    "Cookie": "sails.sid=s%3AK0DDKqTJQz2OSrydLtek9FKxPuC5p3Na.BXcvGwpccZPa%2FbxcAZJ%2FSZDx0XhD90R%2BmwM1XYjQdnc",
    "Content-Length": "83"
}
cookies  : {
    "sails.sid": "s%3AK0DDKqTJQz2OSrydLtek9FKxPuC5p3Na.BXcvGwpccZPa%2FbxcAZJ%2FSZDx0XhD90R%2BmwM1XYjQdnc"
}
body     : This is expected to be sent back as part of response body: bar12-config_bar2-bar21.

2020-06-28 15:33:31.387 | DEBUG    | httprunner.client:log_print:40 - 
================== response details ==================
status_code : 200
headers  : {
    "Date": "Sun, 28 Jun 2020 07:33:31 GMT",
    "Content-Type": "application/json; charset=utf-8",
    "Content-Length": "635",
    "Connection": "keep-alive",
    "ETag": "W/\"27b-AHBF5u83/defbO9m66iM73lqzC4\"",
    "Vary": "Accept-Encoding",
    "set-cookie": "sails.sid=s%3AY7Q7NWregVjcQhFHWm_GZKavPT9hcRYU.XbLcksyIbQjcjQJIiPrT7m6odUJwXNXhzJpLSLCh1S0; Path=/; HttpOnly"
}
cookies  : {
    "sails.sid": "s%3AY7Q7NWregVjcQhFHWm_GZKavPT9hcRYU.XbLcksyIbQjcjQJIiPrT7m6odUJwXNXhzJpLSLCh1S0"
}
encoding : utf-8
content_type : application/json; charset=utf-8
body     : {
    "args": {},
    "data": "This is expected to be sent back as part of response body: bar12-config_bar2-bar21.",
    "files": {},
    "form": {},
    "headers": {
        "x-forwarded-proto": "https",
        "x-forwarded-port": "443",
        "host": "postman-echo.com",
        "x-amzn-trace-id": "Root=1-5ef847cb-1d1238740086cec62c3c9834",
        "content-length": "83",
        "user-agent": "HttpRunner/3.1.1",
        "accept-encoding": "gzip, deflate",
        "accept": "*/*",
        "content-type": "text/plain",
        "hrun-request-id": "HRUN-c2a27a81-3d2c-4032-b280-e98a44d9ad55-611093",
        "cookie": "sails.sid=s%3AK0DDKqTJQz2OSrydLtek9FKxPuC5p3Na.BXcvGwpccZPa%2FbxcAZJ%2FSZDx0XhD90R%2BmwM1XYjQdnc"
    },
    "json": null,
    "url": "https://postman-echo.com/post"
}

2020-06-28 15:33:31.388 | INFO     | httprunner.client:request:217 - status_code: 200, response_time(ms): 292.41 ms, response_length: 0 bytes
2020-06-28 15:33:31.388 | INFO     | httprunner.response:validate:227 - assert status_code equal 200(int)	==> pass
2020-06-28 15:33:31.388 | INFO     | httprunner.response:validate:227 - assert body.data equal This is expected to be sent back as part of response body: bar12-config_bar2-bar21.(str)	==> pass
2020-06-28 15:33:31.389 | INFO     | httprunner.runner:__run_step:296 - run step end: post raw text <<<<<<

2020-06-28 15:33:31.389 | INFO     | httprunner.runner:__run_step:284 - run step begin: post form data >>>>>>
2020-06-28 15:33:31.665 | DEBUG    | httprunner.client:request:186 - client IP: 10.8.17.142, Port: 57053
2020-06-28 15:33:31.665 | DEBUG    | httprunner.client:request:194 - server IP: 18.213.58.30, Port: 443
2020-06-28 15:33:31.666 | DEBUG    | httprunner.client:log_print:40 - 
================== request details ==================
method   : POST
url      : https://postman-echo.com/post
headers  : {
    "User-Agent": "HttpRunner/3.1.1",
    "Accept-Encoding": "gzip, deflate",
    "Accept": "*/*",
    "Connection": "keep-alive",
    "Content-Type": "application/x-www-form-urlencoded",
    "HRUN-Request-ID": "HRUN-c2a27a81-3d2c-4032-b280-e98a44d9ad55-611390",
    "Cookie": "sails.sid=s%3AY7Q7NWregVjcQhFHWm_GZKavPT9hcRYU.XbLcksyIbQjcjQJIiPrT7m6odUJwXNXhzJpLSLCh1S0",
    "Content-Length": "38"
}
cookies  : {
    "sails.sid": "s%3AY7Q7NWregVjcQhFHWm_GZKavPT9hcRYU.XbLcksyIbQjcjQJIiPrT7m6odUJwXNXhzJpLSLCh1S0"
}
body     : foo1=config_bar1&foo2=bar23&foo3=bar21

2020-06-28 15:33:31.667 | DEBUG    | httprunner.client:log_print:40 - 
================== response details ==================
status_code : 200
headers  : {
    "Date": "Sun, 28 Jun 2020 07:33:31 GMT",
    "Content-Type": "application/json; charset=utf-8",
    "Content-Length": "667",
    "Connection": "keep-alive",
    "ETag": "W/\"29b-F1mrkODSFApnLJD8kewWksawsRY\"",
    "Vary": "Accept-Encoding",
    "set-cookie": "sails.sid=s%3AgWt_3ANWKOCRTB-B6HA7Cpd0rtpG7B58.G6fF%2FWkbivqXtICguF%2BTNyPN36224C8bewjw5H8zHSM; Path=/; HttpOnly"
}
cookies  : {
    "sails.sid": "s%3AgWt_3ANWKOCRTB-B6HA7Cpd0rtpG7B58.G6fF%2FWkbivqXtICguF%2BTNyPN36224C8bewjw5H8zHSM"
}
encoding : utf-8
content_type : application/json; charset=utf-8
body     : {
    "args": {},
    "data": "",
    "files": {},
    "form": {
        "foo1": "config_bar1",
        "foo2": "bar23",
        "foo3": "bar21"
    },
    "headers": {
        "x-forwarded-proto": "https",
        "x-forwarded-port": "443",
        "host": "postman-echo.com",
        "x-amzn-trace-id": "Root=1-5ef847cb-11e4c79cede6bd94b5925c5c",
        "content-length": "38",
        "user-agent": "HttpRunner/3.1.1",
        "accept-encoding": "gzip, deflate",
        "accept": "*/*",
        "content-type": "application/x-www-form-urlencoded",
        "hrun-request-id": "HRUN-c2a27a81-3d2c-4032-b280-e98a44d9ad55-611390",
        "cookie": "sails.sid=s%3AY7Q7NWregVjcQhFHWm_GZKavPT9hcRYU.XbLcksyIbQjcjQJIiPrT7m6odUJwXNXhzJpLSLCh1S0"
    },
    "json": {
        "foo1": "config_bar1",
        "foo2": "bar23",
        "foo3": "bar21"
    },
    "url": "https://postman-echo.com/post"
}

2020-06-28 15:33:31.667 | INFO     | httprunner.client:request:217 - status_code: 200, response_time(ms): 274.86 ms, response_length: 0 bytes
2020-06-28 15:33:31.668 | INFO     | httprunner.response:validate:227 - assert status_code equal 200(int)	==> pass
2020-06-28 15:33:31.668 | INFO     | httprunner.response:validate:227 - assert body.form.foo1 equal config_bar1(str)	==> pass
2020-06-28 15:33:31.669 | INFO     | httprunner.response:validate:227 - assert body.form.foo2 equal bar23(str)	==> pass
2020-06-28 15:33:31.669 | INFO     | httprunner.response:validate:227 - assert body.form.foo3 equal bar21(str)	==> pass
2020-06-28 15:33:31.669 | INFO     | httprunner.runner:__run_step:296 - run step end: post form data <<<<<<

